12:55:29.292 [main] INFO  testCases.TC_Blank_login__003 - === TC_Invalid_Login_004 Started ===
12:55:30.135 [main] INFO  testCases.TC_Blank_login__003 - Navigated to URL: https://opensource-demo.orangehrmlive.com/
12:55:30.201 [main] INFO  testCases.TC_Blank_login__003 - Entering invalid username: wrong_user
12:55:31.468 [main] INFO  testCases.TC_Blank_login__003 - Entering invalid password: wrong_pass
12:55:31.881 [main] INFO  testCases.TC_Blank_login__003 - Clicking login button with invalid credentials
12:55:33.663 [main] INFO  testCases.TC_Blank_login__003 - Validating error message: Expected='Invalid credentials' | Actual='Invalid credentials'
12:55:33.672 [main] INFO  testCases.TC_Blank_login__003 - Invalid login validation passed
12:55:33.674 [main] INFO  testCases.TC_Blank_login__003 - === TC_Invalid_Login_004 Finished ===
12:56:35.271 [main] INFO  testCases.TC_Login_001 - === TC_Login_001 Started ===
12:56:36.363 [main] INFO  testCases.TC_Login_001 - Navigated to URL: https://opensource-demo.orangehrmlive.com/
12:56:37.882 [main] INFO  testCases.TC_Login_001 - Entered Username
12:56:38.164 [main] INFO  testCases.TC_Login_001 - Entered Password
12:56:38.359 [main] INFO  testCases.TC_Login_001 - Clicked Login Button
12:56:39.709 [main] INFO  testCases.TC_Login_001 - Login Test Passed ✅
12:56:48.631 [main] INFO  testCases.TC_InvalidLogin_002 - === Test_006_Login_Blank_Credentials Started ===
12:56:49.653 [main] INFO  testCases.TC_InvalidLogin_002 - Navigated to URL: https://opensource-demo.orangehrmlive.com/
12:56:50.159 [main] INFO  testCases.TC_InvalidLogin_002 - Clicked Login button without entering credentials
12:56:50.300 [main] INFO  testCases.TC_InvalidLogin_002 - Validation message displayed as expected.
12:56:50.302 [main] INFO  testCases.TC_InvalidLogin_002 - === Test_006_Login_Blank_Credentials Completed ===
12:56:55.945 [main] INFO  testCases.TC_Blank_login__003 - === TC_Invalid_Login_004 Started ===
12:56:56.776 [main] INFO  testCases.TC_Blank_login__003 - Navigated to URL: https://opensource-demo.orangehrmlive.com/
12:56:56.776 [main] INFO  testCases.TC_Blank_login__003 - Entering invalid username: wrong_user
12:56:57.617 [main] INFO  testCases.TC_Blank_login__003 - Entering invalid password: wrong_pass
12:56:57.934 [main] INFO  testCases.TC_Blank_login__003 - Clicking login button with invalid credentials
12:56:59.577 [main] INFO  testCases.TC_Blank_login__003 - Validating error message: Expected='Invalid credentials' | Actual='Invalid credentials'
12:56:59.577 [main] INFO  testCases.TC_Blank_login__003 - Invalid login validation passed
12:56:59.577 [main] INFO  testCases.TC_Blank_login__003 - === TC_Invalid_Login_004 Finished ===
